# JRE version: Java(TM) SE Runtime Environment (8.0_172-b11) (build 1.8.0_172-b11)
# Java VM: Java HotSpot(TM) 64-Bit Server VM (25.172-b11 mixed mode linux-amd64 compressed oops)
Heap:
 par new generation   total 153600K, used 74722K [0x00000005cc000000, 0x00000005d66a0000, 0x00000005f5990000)
  eden space 136576K,  54% used [0x00000005cc000000, 0x00000005d08f5238, 0x00000005d4560000)
  from space 17024K,   0% used [0x00000005d5600000, 0x00000005d56039c0, 0x00000005d66a0000)
  to   space 17024K,   0% used [0x00000005d4560000, 0x00000005d4560000, 0x00000005d5600000)
 concurrent mark-sweep generation total 341376K, used 45630K [0x00000005f5990000, 0x000000060a6f0000, 0x00000007c0000000)
 Metaspace       used 37950K, capacity 38291K, committed 39032K, reserved 1083392K
  class space    used 5112K, capacity 5214K, committed 5304K, reserved 1048576K
GC Heap History (10 events):
Event: 130.409 GC heap before
{Heap before GC invocations=92 (full 14):
 par new generation   total 153600K, used 146731K [0x00000005cc000000, 0x00000005d66a0000, 0x00000005f5990000)
  eden space 136576K,  98% used [0x00000005cc000000, 0x00000005d438db38, 0x00000005d4560000)
  from space 17024K,  70% used [0x00000005d4560000, 0x00000005d511d3e8, 0x00000005d5600000)
  to   space 17024K,   0% used [0x00000005d5600000, 0x00000005d5600000, 0x00000005d66a0000)
 concurrent mark-sweep generation total 341376K, used 93630K [0x00000005f5990000, 0x000000060a6f0000, 0x00000007c0000000)
 Metaspace       used 37949K, capacity 38291K, committed 39032K, reserved 1083392K
  class space    used 5112K, capacity 5214K, committed 5304K, reserved 1048576K
Event: 130.414 GC heap after
Heap after GC invocations=93 (full 14):
 par new generation   total 153600K, used 12018K [0x00000005cc000000, 0x00000005d66a0000, 0x00000005f5990000)
  eden space 136576K,   0% used [0x00000005cc000000, 0x00000005cc000000, 0x00000005d4560000)
  from space 17024K,  70% used [0x00000005d5600000, 0x00000005d61bc820, 0x00000005d66a0000)
  to   space 17024K,   0% used [0x00000005d4560000, 0x00000005d4560000, 0x00000005d5600000)
 concurrent mark-sweep generation total 341376K, used 93630K [0x00000005f5990000, 0x000000060a6f0000, 0x00000007c0000000)
 Metaspace       used 37949K, capacity 38291K, committed 39032K, reserved 1083392K
  class space    used 5112K, capacity 5214K, committed 5304K, reserved 1048576K
}
Event: 132.308 GC heap before
{Heap before GC invocations=93 (full 15):
 par new generation   total 153600K, used 146724K [0x00000005cc000000, 0x00000005d66a0000, 0x00000005f5990000)
  eden space 136576K,  98% used [0x00000005cc000000, 0x00000005d438ca10, 0x00000005d4560000)
  from space 17024K,  70% used [0x00000005d5600000, 0x00000005d61bc820, 0x00000005d66a0000)
  to   space 17024K,   0% used [0x00000005d4560000, 0x00000005d4560000, 0x00000005d5600000)
 concurrent mark-sweep generation total 341376K, used 93630K [0x00000005f5990000, 0x000000060a6f0000, 0x00000007c0000000)
 Metaspace       used 37950K, capacity 38291K, committed 39032K, reserved 1083392K
  class space    used 5112K, capacity 5214K, committed 5304K, reserved 1048576K
Event: 132.311 GC heap after
Heap after GC invocations=94 (full 15):
 par new generation   total 153600K, used 15K [0x00000005cc000000, 0x00000005d66a0000, 0x00000005f5990000)
  eden space 136576K,   0% used [0x00000005cc000000, 0x00000005cc000000, 0x00000005d4560000)
  from space 17024K,   0% used [0x00000005d4560000, 0x00000005d4563dc0, 0x00000005d5600000)
  to   space 17024K,   0% used [0x00000005d5600000, 0x00000005d5600000, 0x00000005d66a0000)
 concurrent mark-sweep generation total 341376K, used 93630K [0x00000005f5990000, 0x000000060a6f0000, 0x00000007c0000000)
 Metaspace       used 37950K, capacity 38291K, committed 39032K, reserved 1083392K
  class space    used 5112K, capacity 5214K, committed 5304K, reserved 1048576K
}
Event: 133.300 GC heap before
{Heap before GC invocations=94 (full 15):
 par new generation   total 153600K, used 98725K [0x00000005cc000000, 0x00000005d66a0000, 0x00000005f5990000)
  eden space 136576K,  72% used [0x00000005cc000000, 0x00000005d2065a10, 0x00000005d4560000)
  from space 17024K,   0% used [0x00000005d4560000, 0x00000005d4563dc0, 0x00000005d5600000)
  to   space 17024K,   0% used [0x00000005d5600000, 0x00000005d5600000, 0x00000005d66a0000)
 concurrent mark-sweep generation total 341376K, used 21630K [0x00000005f5990000, 0x000000060a6f0000, 0x00000007c0000000)
 Metaspace       used 37950K, capacity 38291K, committed 39032K, reserved 1083392K
  class space    used 5112K, capacity 5214K, committed 5304K, reserved 1048576K
Event: 133.306 GC heap after
Heap after GC invocations=95 (full 15):
 par new generation   total 153600K, used 12017K [0x00000005cc000000, 0x00000005d66a0000, 0x00000005f5990000)
  eden space 136576K,   0% used [0x00000005cc000000, 0x00000005cc000000, 0x00000005d4560000)
  from space 17024K,  70% used [0x00000005d5600000, 0x00000005d61bc630, 0x00000005d66a0000)
  to   space 17024K,   0% used [0x00000005d4560000, 0x00000005d4560000, 0x00000005d5600000)
 concurrent mark-sweep generation total 341376K, used 45630K [0x00000005f5990000, 0x000000060a6f0000, 0x00000007c0000000)
 Metaspace       used 37950K, capacity 38291K, committed 39032K, reserved 1083392K
  class space    used 5112K, capacity 5214K, committed 5304K, reserved 1048576K
}
Event: 135.243 GC heap before
{Heap before GC invocations=95 (full 15):
 par new generation   total 153600K, used 146728K [0x00000005cc000000, 0x00000005d66a0000, 0x00000005f5990000)
  eden space 136576K,  98% used [0x00000005cc000000, 0x00000005d438dc40, 0x00000005d4560000)
  from space 17024K,  70% used [0x00000005d5600000, 0x00000005d61bc630, 0x00000005d66a0000)
  to   space 17024K,   0% used [0x00000005d4560000, 0x00000005d4560000, 0x00000005d5600000)
 concurrent mark-sweep generation total 341376K, used 45630K [0x00000005f5990000, 0x000000060a6f0000, 0x00000007c0000000)
 Metaspace       used 37950K, capacity 38291K, committed 39032K, reserved 1083392K
  class space    used 5112K, capacity 5214K, committed 5304K, reserved 1048576K
Event: 135.248 GC heap after
Heap after GC invocations=96 (full 15):
 par new generation   total 153600K, used 12018K [0x00000005cc000000, 0x00000005d66a0000, 0x00000005f5990000)
  eden space 136576K,   0% used [0x00000005cc000000, 0x00000005cc000000, 0x00000005d4560000)
  from space 17024K,  70% used [0x00000005d4560000, 0x00000005d511c820, 0x00000005d5600000)
  to   space 17024K,   0% used [0x00000005d5600000, 0x00000005d5600000, 0x00000005d66a0000)
 concurrent mark-sweep generation total 341376K, used 45630K [0x00000005f5990000, 0x000000060a6f0000, 0x00000007c0000000)
 Metaspace       used 37950K, capacity 38291K, committed 39032K, reserved 1083392K
  class space    used 5112K, capacity 5214K, committed 5304K, reserved 1048576K
}
Event: 137.178 GC heap before
{Heap before GC invocations=96 (full 16):
 par new generation   total 153600K, used 146724K [0x00000005cc000000, 0x00000005d66a0000, 0x00000005f5990000)
  eden space 136576K,  98% used [0x00000005cc000000, 0x00000005d438cac0, 0x00000005d4560000)
  from space 17024K,  70% used [0x00000005d4560000, 0x00000005d511c820, 0x00000005d5600000)
  to   space 17024K,   0% used [0x00000005d5600000, 0x00000005d5600000, 0x00000005d66a0000)
 concurrent mark-sweep generation total 341376K, used 45630K [0x00000005f5990000, 0x000000060a6f0000, 0x00000007c0000000)
 Metaspace       used 37950K, capacity 38291K, committed 39032K, reserved 1083392K
  class space    used 5112K, capacity 5214K, committed 5304K, reserved 1048576K
Event: 137.181 GC heap after
Heap after GC invocations=97 (full 16):
 par new generation   total 153600K, used 14K [0x00000005cc000000, 0x00000005d66a0000, 0x00000005f5990000)
  eden space 136576K,   0% used [0x00000005cc000000, 0x00000005cc000000, 0x00000005d4560000)
  from space 17024K,   0% used [0x00000005d5600000, 0x00000005d56039c0, 0x00000005d66a0000)
  to   space 17024K,   0% used [0x00000005d4560000, 0x00000005d4560000, 0x00000005d5600000)
 concurrent mark-sweep generation total 341376K, used 45630K [0x00000005f5990000, 0x000000060a6f0000, 0x00000007c0000000)
 Metaspace       used 37950K, capacity 38291K, committed 39032K, reserved 1083392K
  class space    used 5112K, capacity 5214K, committed 5304K, reserved 1048576K
}

